CMD-LOG-LINE-BEGIN 49294 | 2026-05-08 07:54:47,158 | INFO | az_command_data_logger | command args: pipelines list -o {}
CMD-LOG-LINE-BEGIN 49294 | 2026-05-08 07:54:53,079 | ERROR | az_command_data_logger | The command failed with an unexpected error. Here is the traceback:
CMD-LOG-LINE-BEGIN 49294 | 2026-05-08 07:54:53,082 | ERROR | az_command_data_logger | [Errno 1] Operation not permitted: '/Users/biroltilki/.pydistutils.cfg'
Traceback (most recent call last):
  File "/usr/local/Cellar/azure-cli/2.86.0/libexec/lib/python3.13/site-packages/knack/cli.py", line 233, in invoke
    cmd_result = self.invocation.execute(args)
  File "/usr/local/Cellar/azure-cli/2.86.0/libexec/lib/python3.13/site-packages/azure/cli/core/commands/__init__.py", line 602, in execute
    parsed_args = self.parser.parse_args(args)
  File "/usr/local/Cellar/azure-cli/2.86.0/libexec/lib/python3.13/site-packages/knack/parser.py", line 261, in parse_args
    return super().parse_args(args)
           ~~~~~~~~~~~~~~~~~~^^^^^^
  File "/usr/local/Cellar/python@3.13/3.13.13_1/Frameworks/Python.framework/Versions/3.13/lib/python3.13/argparse.py", line 1926, in parse_args
    args, argv = self.parse_known_args(args, namespace)
                 ~~~~~~~~~~~~~~~~~~~~~^^^^^^^^^^^^^^^^^
  File "/usr/local/Cellar/azure-cli/2.86.0/libexec/lib/python3.13/site-packages/azure/cli/core/parser.py", line 282, in parse_known_args
    self._namespace, self._raw_arguments = super().parse_known_args(args=args, namespace=namespace)
                                           ~~~~~~~~~~~~~~~~~~~~~~~~^^^^^^^^^^^^^^^^^^^^^^^^^^^^^^^^
  File "/usr/local/Cellar/python@3.13/3.13.13_1/Frameworks/Python.framework/Versions/3.13/lib/python3.13/argparse.py", line 1936, in parse_known_args
    return self._parse_known_args2(args, namespace, intermixed=False)
           ~~~~~~~~~~~~~~~~~~~~~~~^^^^^^^^^^^^^^^^^^^^^^^^^^^^^^^^^^^
  File "/usr/local/Cellar/python@3.13/3.13.13_1/Frameworks/Python.framework/Versions/3.13/lib/python3.13/argparse.py", line 1965, in _parse_known_args2
    namespace, args = self._parse_known_args(args, namespace, intermixed)
                      ~~~~~~~~~~~~~~~~~~~~~~^^^^^^^^^^^^^^^^^^^^^^^^^^^^^
  File "/usr/local/Cellar/python@3.13/3.13.13_1/Frameworks/Python.framework/Versions/3.13/lib/python3.13/argparse.py", line 2197, in _parse_known_args
    positionals_end_index = consume_positionals(start_index)
  File "/usr/local/Cellar/python@3.13/3.13.13_1/Frameworks/Python.framework/Versions/3.13/lib/python3.13/argparse.py", line 2172, in consume_positionals
    take_action(action, args)
    ~~~~~~~~~~~^^^^^^^^^^^^^^
  File "/usr/local/Cellar/python@3.13/3.13.13_1/Frameworks/Python.framework/Versions/3.13/lib/python3.13/argparse.py", line 2026, in take_action
    argument_values = self._get_values(action, argument_strings)
  File "/usr/local/Cellar/azure-cli/2.86.0/libexec/lib/python3.13/site-packages/azure/cli/core/parser.py", line 273, in _get_values
    value = super()._get_values(action, arg_strings)
  File "/usr/local/Cellar/python@3.13/3.13.13_1/Frameworks/Python.framework/Versions/3.13/lib/python3.13/argparse.py", line 2556, in _get_values
    self._check_value(action, value[0])
    ~~~~~~~~~~~~~~~~~^^^^^^^^^^^^^^^^^^
  File "/usr/local/Cellar/azure-cli/2.86.0/libexec/lib/python3.13/site-packages/azure/cli/core/parser.py", line 301, in _check_value
    use_dynamic_install = try_install_extension(self, args)
  File "/usr/local/Cellar/azure-cli/2.86.0/libexec/lib/python3.13/site-packages/azure/cli/core/extension/dynamic_install.py", line 132, in try_install_extension
    _check_value_in_extensions(cli_ctx, parser, args, use_dynamic_install == 'yes_without_prompt')
    ~~~~~~~~~~~~~~~~~~~~~~~~~~^^^^^^^^^^^^^^^^^^^^^^^^^^^^^^^^^^^^^^^^^^^^^^^^^^^^^^^^^^^^^^^^^^^^
  File "/usr/local/Cellar/azure-cli/2.86.0/libexec/lib/python3.13/site-packages/azure/cli/core/extension/dynamic_install.py", line 242, in _check_value_in_extensions
    add_extension(cli_ctx=cli_ctx, extension_name=ext_name, upgrade=True, allow_preview=extension_allow_preview)
    ~~~~~~~~~~~~~^^^^^^^^^^^^^^^^^^^^^^^^^^^^^^^^^^^^^^^^^^^^^^^^^^^^^^^^^^^^^^^^^^^^^^^^^^^^^^^^^^^^^^^^^^^^^^^
  File "/usr/local/Cellar/azure-cli/2.86.0/libexec/lib/python3.13/site-packages/azure/cli/core/extension/operations.py", line 344, in add_extension
    extension_name = _add_whl_ext(cli_ctx=cmd_cli_ctx, source=source, ext_sha256=ext_sha256,
                                  pip_extra_index_urls=pip_extra_index_urls, pip_proxy=pip_proxy, system=system)
  File "/usr/local/Cellar/azure-cli/2.86.0/libexec/lib/python3.13/site-packages/azure/cli/core/extension/operations.py", line 168, in _add_whl_ext
    with HomebrewPipPatch():
         ~~~~~~~~~~~~~~~~^^
  File "/usr/local/Cellar/azure-cli/2.86.0/libexec/lib/python3.13/site-packages/azure/cli/core/extension/_homebrew_patch.py", line 41, in __enter__
    with open(HomebrewPipPatch.CFG_FILE, "w") as f:
         ~~~~^^^^^^^^^^^^^^^^^^^^^^^^^^^^^^^^
PermissionError: [Errno 1] Operation not permitted: '/Users/biroltilki/.pydistutils.cfg'
CMD-LOG-LINE-BEGIN 49294 | 2026-05-08 07:54:53,085 | INFO | az_command_data_logger | exit code: 1
